mode: set
D7024E-DDS/src/main.go:18.13,23.16 3 0
D7024E-DDS/src/main.go:28.2,31.16 2 0
D7024E-DDS/src/main.go:23.16,25.3 1 0
D7024E-DDS/src/main.go:31.16,51.3 8 0
D7024E-DDS/src/main.go:51.8,51.23 1 0
D7024E-DDS/src/main.go:51.23,74.3 10 0
D7024E-DDS/src/main.go:74.8,76.3 1 0
D7024E-DDS/src/main.go:80.28,82.16 2 0
D7024E-DDS/src/main.go:86.2,86.27 1 0
D7024E-DDS/src/main.go:106.2,106.11 1 0
D7024E-DDS/src/main.go:82.16,84.3 1 0
D7024E-DDS/src/main.go:86.27,87.23 1 0
D7024E-DDS/src/main.go:87.23,89.18 2 0
D7024E-DDS/src/main.go:92.4,92.31 1 0
D7024E-DDS/src/main.go:89.18,91.5 1 0
D7024E-DDS/src/main.go:92.31,94.29 2 0
D7024E-DDS/src/main.go:100.5,101.23 2 0
D7024E-DDS/src/main.go:95.21,96.15 1 0
D7024E-DDS/src/main.go:97.22,98.15 1 0
D7024E-DDS/src/main.go:109.50,114.2 4 1
D7024E-DDS/src/main.go:116.47,120.21 4 0
D7024E-DDS/src/main.go:127.2,127.26 1 0
D7024E-DDS/src/main.go:120.21,126.3 4 0
D7024E-DDS/src/main.go:127.27,129.3 0 0
D7024E-DDS/src/main.go:132.59,133.18 1 0
D7024E-DDS/src/main.go:134.11,135.28 1 0
D7024E-DDS/src/main.go:136.14,139.40 3 0
D7024E-DDS/src/main.go:140.10,141.25 1 0
